2020-04-08 17:38:49	::1	[9]	The application is not installed -- installer.ini.php doesn't exist!
	C:\webserver\lizmap\prod\release_3_3\lib\jelix\core\jConfigCompiler.class.php	270
	//webgis//index.php
array ( )

	0	jConfigCompiler::_loadModuleInfo()	C:\webserver\lizmap\prod\release_3_3\lib\jelix\core\jConfigCompiler.class.php : 159
	1	jConfigCompiler::prepareConfig()	C:\webserver\lizmap\prod\release_3_3\lib\jelix\core\jConfigCompiler.class.php : 85
	2	jConfigCompiler::read()	C:\webserver\lizmap\prod\release_3_3\lib\jelix\core\jConfigCompiler.class.php : 103
	3	jConfigCompiler::readAndCache()	C:\webserver\lizmap\prod\release_3_3\lib\jelix\core\jConfig.class.php : 84
	4	jConfig::load()	C:\webserver\lizmap\prod\release_3_3\lib\jelix\core\jApp.class.php : 145
	5	jApp::loadConfig()	C:\webserver\lizmap\prod\release_3_3\lizmap\www\index.php : 17
2020-05-09 14:32:30	::1	warning	2020-05-09 14:32:30	[2]	SQLite3::query(): Unable to prepare statement: 1, no such table: lizmap_search	C:\webserver\lizmap\prod\release_3_3\lib\jelix\plugins\db\sqlite3\sqlite3.dbconnection.php	112

2020-05-09 14:32:47	::1	warning	2020-05-09 14:32:47	[2]	file_get_contents(http://localhost:1664/qgis/qgis_mapserv.fcgi.exe?service=WMS&amp;request=GetCapabilitiesAtlas&amp;map=C%3A%5Cwebserver%5Cdata%5Cprod%5Crep1%2Fproject%2Eqgs): failed to open stream: HTTP request failed! HTTP/1.1 501 Not Implemented
	C:\webserver\lizmap\prod\release_3_3\lizmap\modules\lizmap\classes\lizmapProxy.class.php	236

2020-05-09 14:32:48	::1	notice	2020-05-09 14:32:48	[8]	A non well formed numeric value encountered	C:\webserver\lizmap\prod\release_3_3\lizmap\modules\proj4php\classes\proj4phpProj.php	522

2020-05-09 14:32:48	::1	notice	2020-05-09 14:32:48	[8]	A non well formed numeric value encountered	C:\webserver\lizmap\prod\release_3_3\lizmap\modules\proj4php\classes\proj4phpProj.php	530

2020-05-10 12:14:56	::1	error	Spatialite is not available
2020-05-10 12:15:10	::1	warning	2020-05-10 12:15:10	[2]	SQLite3::query(): Unable to prepare statement: 1, no such table: lizmap_search	C:\webserver\lizmap\prod\release_3_3\lib\jelix\plugins\db\sqlite3\sqlite3.dbconnection.php	112

2020-05-10 12:15:15	::1	warning	2020-05-10 12:15:15	[2]	file_get_contents(http://localhost:1664/qgis/qgis_mapserv.fcgi.exe?service=WMS&amp;request=GetCapabilitiesAtlas&amp;map=C%3A%5Cwebserver%5Cdata%5Cprod%5Crep1%2Fproject%2Eqgs): failed to open stream: HTTP request failed! HTTP/1.1 500 Internal Server Error
	C:\webserver\lizmap\prod\release_3_3\lizmap\modules\lizmap\classes\lizmapProxy.class.php	236

2020-05-10 12:15:15	::1	warning	2020-05-10 12:15:15	[2]	file_get_contents(http://localhost:1664/qgis/qgis_mapserv.fcgi.exe?map=C%3A%5Cwebserver%5Cdata%5Cprod%5Crep1%2Fproject%2Eqgs&amp;request=GetCapabilities&amp;service=WMS&amp;version=1%2E3%2E0): failed to open stream: HTTP request failed! HTTP/1.1 500 Internal Server Error
	C:\webserver\lizmap\prod\release_3_3\lizmap\modules\lizmap\classes\lizmapProxy.class.php	236

2020-05-10 12:15:15	::1	warning	2020-05-10 12:15:15	[2]	file_get_contents(http://localhost:1664/qgis/qgis_mapserv.fcgi.exe?map=C%3A%5Cwebserver%5Cdata%5Cprod%5Crep1%2Fproject%2Eqgs&amp;request=GetCapabilities&amp;service=WMS&amp;version=1%2E3%2E0): failed to open stream: HTTP request failed! HTTP/1.1 500 Internal Server Error
	C:\webserver\lizmap\prod\release_3_3\lizmap\modules\lizmap\classes\lizmapProxy.class.php	236

2020-05-10 12:15:15	::1	error	GetCapabilities empty data
2020-05-10 12:15:16	::1	warning	2020-05-10 12:15:16	[2]	file_get_contents(http://localhost:1664/qgis/qgis_mapserv.fcgi.exe?map=C%3A%5Cwebserver%5Cdata%5Cprod%5Crep1%2Fproject%2Eqgs&amp;request=GetCapabilities&amp;service=WMS): failed to open stream: HTTP request failed! HTTP/1.1 500 Internal Server Error
	C:\webserver\lizmap\prod\release_3_3\lizmap\modules\lizmap\classes\lizmapProxy.class.php	236

2020-05-10 12:15:16	::1	warning	2020-05-10 12:15:16	[2]	file_get_contents(http://localhost:1664/qgis/qgis_mapserv.fcgi.exe?map=C%3A%5Cwebserver%5Cdata%5Cprod%5Crep1%2Fproject%2Eqgs&amp;request=GetCapabilities&amp;service=WMS): failed to open stream: HTTP request failed! HTTP/1.1 500 Internal Server Error
	C:\webserver\lizmap\prod\release_3_3\lizmap\modules\lizmap\classes\lizmapProxy.class.php	236

2020-05-10 12:15:16	::1	error	GetCapabilities empty data
2020-05-10 12:15:16	::1	warning	2020-05-10 12:15:16	[2]	file_get_contents(http://localhost:1664/qgis/qgis_mapserv.fcgi.exe?map=C%3A%5Cwebserver%5Cdata%5Cprod%5Crep1%2Fproject%2Eqgs&amp;request=GetCapabilities&amp;service=WFS&amp;version=1%2E0%2E0): failed to open stream: HTTP request failed! HTTP/1.1 500 Internal Server Error
	C:\webserver\lizmap\prod\release_3_3\lizmap\modules\lizmap\classes\lizmapProxy.class.php	236

2020-05-10 12:15:16	::1	warning	2020-05-10 12:15:16	[2]	file_get_contents(http://localhost:1664/qgis/qgis_mapserv.fcgi.exe?map=C%3A%5Cwebserver%5Cdata%5Cprod%5Crep1%2Fproject%2Eqgs&amp;request=GetCapabilities&amp;service=WFS&amp;version=1%2E0%2E0): failed to open stream: HTTP request failed! HTTP/1.1 500 Internal Server Error
	C:\webserver\lizmap\prod\release_3_3\lizmap\modules\lizmap\classes\lizmapProxy.class.php	236

2020-05-10 12:15:16	::1	error	GetCapabilities empty data
2020-05-10 12:22:02	::1	error	Spatialite is not available
2020-05-10 12:22:04	::1	warning	2020-05-10 12:22:04	[2]	SQLite3::query(): Unable to prepare statement: 1, no such table: lizmap_search	C:\webserver\lizmap\prod\release_3_3\lib\jelix\plugins\db\sqlite3\sqlite3.dbconnection.php	112

2020-05-10 12:22:04	::1	warning	2020-05-10 12:22:04	[2]	file_get_contents(http://localhost:1664/qgis/qgis_mapserv.fcgi.exe?service=WMS&amp;request=GetCapabilitiesAtlas&amp;map=C%3A%5Cwebserver%5Cdata%5Cprod%5Crep1%2Fproject%2Eqgs): failed to open stream: HTTP request failed! HTTP/1.1 500 Internal Server Error
	C:\webserver\lizmap\prod\release_3_3\lizmap\modules\lizmap\classes\lizmapProxy.class.php	236

2020-05-10 12:22:04	::1	warning	2020-05-10 12:22:04	[2]	file_get_contents(http://localhost:1664/qgis/qgis_mapserv.fcgi.exe?map=C%3A%5Cwebserver%5Cdata%5Cprod%5Crep1%2Fproject%2Eqgs&amp;request=GetCapabilities&amp;service=WMS&amp;version=1%2E3%2E0): failed to open stream: HTTP request failed! HTTP/1.1 500 Internal Server Error
	C:\webserver\lizmap\prod\release_3_3\lizmap\modules\lizmap\classes\lizmapProxy.class.php	236

2020-05-10 12:22:04	::1	warning	2020-05-10 12:22:04	[2]	file_get_contents(http://localhost:1664/qgis/qgis_mapserv.fcgi.exe?map=C%3A%5Cwebserver%5Cdata%5Cprod%5Crep1%2Fproject%2Eqgs&amp;request=GetCapabilities&amp;service=WMS&amp;version=1%2E3%2E0): failed to open stream: HTTP request failed! HTTP/1.1 500 Internal Server Error
	C:\webserver\lizmap\prod\release_3_3\lizmap\modules\lizmap\classes\lizmapProxy.class.php	236

2020-05-10 12:22:04	::1	error	GetCapabilities empty data
2020-05-10 12:22:04	::1	warning	2020-05-10 12:22:04	[2]	file_get_contents(http://localhost:1664/qgis/qgis_mapserv.fcgi.exe?map=C%3A%5Cwebserver%5Cdata%5Cprod%5Crep1%2Fproject%2Eqgs&amp;request=GetCapabilities&amp;service=WMS): failed to open stream: HTTP request failed! HTTP/1.1 500 Internal Server Error
	C:\webserver\lizmap\prod\release_3_3\lizmap\modules\lizmap\classes\lizmapProxy.class.php	236

2020-05-10 12:22:04	::1	warning	2020-05-10 12:22:04	[2]	file_get_contents(http://localhost:1664/qgis/qgis_mapserv.fcgi.exe?map=C%3A%5Cwebserver%5Cdata%5Cprod%5Crep1%2Fproject%2Eqgs&amp;request=GetCapabilities&amp;service=WMS): failed to open stream: HTTP request failed! HTTP/1.1 500 Internal Server Error
	C:\webserver\lizmap\prod\release_3_3\lizmap\modules\lizmap\classes\lizmapProxy.class.php	236

2020-05-10 12:22:04	::1	error	GetCapabilities empty data
2020-05-10 12:22:06	::1	warning	2020-05-10 12:22:06	[2]	file_get_contents(http://localhost:1664/qgis/qgis_mapserv.fcgi.exe?map=C%3A%5Cwebserver%5Cdata%5Cprod%5Crep1%2Fproject%2Eqgs&amp;request=GetCapabilities&amp;service=WFS&amp;version=1%2E0%2E0): failed to open stream: HTTP request failed! HTTP/1.1 500 Internal Server Error
	C:\webserver\lizmap\prod\release_3_3\lizmap\modules\lizmap\classes\lizmapProxy.class.php	236

2020-05-10 12:22:06	::1	warning	2020-05-10 12:22:06	[2]	file_get_contents(http://localhost:1664/qgis/qgis_mapserv.fcgi.exe?map=C%3A%5Cwebserver%5Cdata%5Cprod%5Crep1%2Fproject%2Eqgs&amp;request=GetCapabilities&amp;service=WFS&amp;version=1%2E0%2E0): failed to open stream: HTTP request failed! HTTP/1.1 500 Internal Server Error
	C:\webserver\lizmap\prod\release_3_3\lizmap\modules\lizmap\classes\lizmapProxy.class.php	236

2020-05-10 12:22:06	::1	error	GetCapabilities empty data
2020-05-10 12:34:23	::1	error	Spatialite is not available
2020-05-10 12:34:24	::1	warning	2020-05-10 12:34:24	[2]	SQLite3::query(): Unable to prepare statement: 1, no such table: lizmap_search	C:\webserver\lizmap\prod\release_3_3\lib\jelix\plugins\db\sqlite3\sqlite3.dbconnection.php	112

2020-05-10 12:34:25	::1	warning	2020-05-10 12:34:25	[2]	file_get_contents(http://localhost:1664/qgis/qgis_mapserv.fcgi.exe?service=WMS&amp;request=GetCapabilitiesAtlas&amp;map=C%3A%5Cwebserver%5Cdata%5Cprod%5Crep1%2Fproject%2Eqgs): failed to open stream: HTTP request failed! HTTP/1.1 501 Not Implemented
	C:\webserver\lizmap\prod\release_3_3\lizmap\modules\lizmap\classes\lizmapProxy.class.php	236

2020-05-10 12:34:25	::1	notice	2020-05-10 12:34:25	[8]	A non well formed numeric value encountered	C:\webserver\lizmap\prod\release_3_3\lizmap\modules\proj4php\classes\proj4phpProj.php	522

2020-05-10 12:34:25	::1	notice	2020-05-10 12:34:25	[8]	A non well formed numeric value encountered	C:\webserver\lizmap\prod\release_3_3\lizmap\modules\proj4php\classes\proj4phpProj.php	530

2020-05-10 13:44:32	::1	error	2020-05-10 13:44:32	[403]	invalid query (ERROR:  relation "jacl2_user_group" does not exist
LINE 1: SELECT "ug"."login", "ug"."id_aclgrp" FROM "jacl2_user_group...
                                                   ^(SELECT "ug"."login", "ug"."id_aclgrp" FROM "jacl2_user_group" AS "ug" WHERE  "ug"."login"  = 'admin'))	C:\webserver\lizmap\prod\release_3_3\lib\jelix\plugins\db\pgsql\pgsql.dbconnection.php	174

2020-05-10 13:44:40	::1	error	2020-05-10 13:44:40	[403]	invalid query (ERROR:  relation "jacl2_user_group" does not exist
LINE 1: SELECT "ug"."login", "ug"."id_aclgrp" FROM "jacl2_user_group...
                                                   ^(SELECT "ug"."login", "ug"."id_aclgrp" FROM "jacl2_user_group" AS "ug" WHERE  "ug"."login"  = 'admin'))	C:\webserver\lizmap\prod\release_3_3\lib\jelix\plugins\db\pgsql\pgsql.dbconnection.php	174

2020-05-10 13:45:38	::1	error	2020-05-10 13:45:38	[403]	invalid query (ERROR:  relation "jacl2_user_group" does not exist
LINE 1: SELECT "ug"."login", "ug"."id_aclgrp" FROM "jacl2_user_group...
                                                   ^(SELECT "ug"."login", "ug"."id_aclgrp" FROM "jacl2_user_group" AS "ug" WHERE  "ug"."login"  = 'admin'))	C:\webserver\lizmap\prod\release_3_3\lib\jelix\plugins\db\pgsql\pgsql.dbconnection.php	174

2020-05-10 13:47:42	::1	error	Spatialite is not available
2020-05-10 13:47:47	::1	warning	2020-05-10 13:47:47	[2]	SQLite3::query(): Unable to prepare statement: 1, no such table: lizmap_search	C:\webserver\lizmap\prod\release_3_3\lib\jelix\plugins\db\sqlite3\sqlite3.dbconnection.php	112

2020-05-10 13:47:47	::1	warning	2020-05-10 13:47:47	[2]	file_get_contents(http://localhost:1664/qgis/qgis_mapserv.fcgi.exe?service=WMS&amp;request=GetCapabilitiesAtlas&amp;map=C%3A%5Cwebserver%5Cdata%5Cprod%5Crep1%2Fproject%2Eqgs): failed to open stream: HTTP request failed! HTTP/1.1 501 Not Implemented
	C:\webserver\lizmap\prod\release_3_3\lizmap\modules\lizmap\classes\lizmapProxy.class.php	236

2020-05-10 13:47:47	::1	notice	2020-05-10 13:47:47	[8]	A non well formed numeric value encountered	C:\webserver\lizmap\prod\release_3_3\lizmap\modules\proj4php\classes\proj4phpProj.php	522

2020-05-10 13:47:47	::1	notice	2020-05-10 13:47:47	[8]	A non well formed numeric value encountered	C:\webserver\lizmap\prod\release_3_3\lizmap\modules\proj4php\classes\proj4phpProj.php	530

2020-05-10 13:57:08	::1	error	2020-05-10 13:57:08	[403]	invalid query (ERROR:  relation "jacl2_user_group" does not exist
LINE 1: SELECT "ug"."login", "ug"."id_aclgrp" FROM "jacl2_user_group...
                                                   ^(SELECT "ug"."login", "ug"."id_aclgrp" FROM "jacl2_user_group" AS "ug" WHERE  "ug"."login"  = 'admin'))	C:\webserver\lizmap\prod\release_3_3\lib\jelix\plugins\db\pgsql\pgsql.dbconnection.php	174

2020-05-10 13:57:12	::1	error	2020-05-10 13:57:12	[403]	invalid query (ERROR:  relation "jacl2_user_group" does not exist
LINE 1: SELECT "ug"."login", "ug"."id_aclgrp" FROM "jacl2_user_group...
                                                   ^(SELECT "ug"."login", "ug"."id_aclgrp" FROM "jacl2_user_group" AS "ug" WHERE  "ug"."login"  = 'admin'))	C:\webserver\lizmap\prod\release_3_3\lib\jelix\plugins\db\pgsql\pgsql.dbconnection.php	174

2020-05-10 13:58:34	::1	error	2020-05-10 13:58:34	[402]	error during the connection localhost:5432	C:\webserver\lizmap\prod\release_3_3\lib\jelix\plugins\db\pgsql\pgsql.dbconnection.php	153

2020-05-10 14:11:25	::1	warning	2020-05-10 14:11:25	[2]	SQLite3::query(): Unable to prepare statement: 1, no such table: lizmap_search	C:\webserver\lizmap\prod\release_3_3\lib\jelix\plugins\db\sqlite3\sqlite3.dbconnection.php	112

2020-05-10 14:11:29	::1	warning	2020-05-10 14:11:29	[2]	file_get_contents(http://localhost:1664/qgis/qgis_mapserv.fcgi.exe?service=WMS&amp;request=GetCapabilitiesAtlas&amp;map=C%3A%5Cwebserver%5Cdata%5Cprod%5Crep1%2Fproject%2Eqgs): failed to open stream: HTTP request failed! HTTP/1.1 501 Not Implemented
	C:\webserver\lizmap\prod\release_3_3\lizmap\modules\lizmap\classes\lizmapProxy.class.php	236

2020-05-10 14:11:29	::1	notice	2020-05-10 14:11:29	[8]	A non well formed numeric value encountered	C:\webserver\lizmap\prod\release_3_3\lizmap\modules\proj4php\classes\proj4phpProj.php	522

2020-05-10 14:11:29	::1	notice	2020-05-10 14:11:29	[8]	A non well formed numeric value encountered	C:\webserver\lizmap\prod\release_3_3\lizmap\modules\proj4php\classes\proj4phpProj.php	530

2020-05-10 16:49:10	::1	warning	2020-05-10 16:49:10	[2]	SQLite3::query(): Unable to prepare statement: 1, no such table: lizmap_search	C:\webserver\lizmap\prod\release_3_3\lib\jelix\plugins\db\sqlite3\sqlite3.dbconnection.php	112

2020-05-10 16:49:19	::1	warning	2020-05-10 16:49:19	[2]	file_get_contents(http://localhost:1664/qgis/qgis_mapserv.fcgi.exe?service=WMS&amp;request=GetCapabilitiesAtlas&amp;map=C%3A%5Cwebserver%5Cdata%5Cprod%5Crep1%2Fproject%2Eqgs): failed to open stream: HTTP request failed! HTTP/1.1 501 Not Implemented
	C:\webserver\lizmap\prod\release_3_3\lizmap\modules\lizmap\classes\lizmapProxy.class.php	236

2020-05-10 16:49:20	::1	notice	2020-05-10 16:49:20	[8]	A non well formed numeric value encountered	C:\webserver\lizmap\prod\release_3_3\lizmap\modules\proj4php\classes\proj4phpProj.php	522

2020-05-10 16:49:20	::1	notice	2020-05-10 16:49:20	[8]	A non well formed numeric value encountered	C:\webserver\lizmap\prod\release_3_3\lizmap\modules\proj4php\classes\proj4phpProj.php	530

2020-05-10 16:53:09	::1	warning	2020-05-10 16:53:09	[2]	SQLite3::query(): Unable to prepare statement: 1, no such table: lizmap_search	C:\webserver\lizmap\prod\release_3_3\lib\jelix\plugins\db\sqlite3\sqlite3.dbconnection.php	112

2020-05-10 16:53:10	::1	warning	2020-05-10 16:53:10	[2]	file_get_contents(http://localhost:1664/qgis/qgis_mapserv.fcgi.exe?service=WMS&amp;request=GetCapabilitiesAtlas&amp;map=C%3A%5Cwebserver%5Cdata%5Cprod%5Crep1%2Fproject%2Eqgs): failed to open stream: HTTP request failed! HTTP/1.1 501 Not Implemented
	C:\webserver\lizmap\prod\release_3_3\lizmap\modules\lizmap\classes\lizmapProxy.class.php	236

2020-05-10 16:53:10	::1	notice	2020-05-10 16:53:10	[8]	A non well formed numeric value encountered	C:\webserver\lizmap\prod\release_3_3\lizmap\modules\proj4php\classes\proj4phpProj.php	522

2020-05-10 16:53:10	::1	notice	2020-05-10 16:53:10	[8]	A non well formed numeric value encountered	C:\webserver\lizmap\prod\release_3_3\lizmap\modules\proj4php\classes\proj4phpProj.php	530

2020-05-10 16:58:16	::1	warning	2020-05-10 16:58:16	[2]	SQLite3::query(): Unable to prepare statement: 1, no such table: lizmap_search	C:\webserver\lizmap\prod\release_3_3\lib\jelix\plugins\db\sqlite3\sqlite3.dbconnection.php	112

2020-05-10 16:58:17	::1	warning	2020-05-10 16:58:17	[2]	file_get_contents(http://localhost:1664/qgis/qgis_mapserv.fcgi.exe?service=WMS&amp;request=GetCapabilitiesAtlas&amp;map=C%3A%5Cwebserver%5Cdata%5Cprod%5Crep1%2Fproject%2Eqgs): failed to open stream: HTTP request failed! HTTP/1.1 501 Not Implemented
	C:\webserver\lizmap\prod\release_3_3\lizmap\modules\lizmap\classes\lizmapProxy.class.php	236

2020-05-10 16:58:17	::1	notice	2020-05-10 16:58:17	[8]	A non well formed numeric value encountered	C:\webserver\lizmap\prod\release_3_3\lizmap\modules\proj4php\classes\proj4phpProj.php	522

2020-05-10 16:58:17	::1	notice	2020-05-10 16:58:17	[8]	A non well formed numeric value encountered	C:\webserver\lizmap\prod\release_3_3\lizmap\modules\proj4php\classes\proj4phpProj.php	530

2020-05-10 17:07:55	::1	warning	2020-05-10 17:07:55	[2]	SQLite3::query(): Unable to prepare statement: 1, no such table: lizmap_search	C:\webserver\lizmap\prod\release_3_3\lib\jelix\plugins\db\sqlite3\sqlite3.dbconnection.php	112

2020-05-10 17:07:56	::1	warning	2020-05-10 17:07:56	[2]	file_get_contents(http://localhost:1664/qgis/qgis_mapserv.fcgi.exe?service=WMS&amp;request=GetCapabilitiesAtlas&amp;map=C%3A%5Cwebserver%5Cdata%5Cprod%5Crep1%2Fproject%2Eqgs): failed to open stream: HTTP request failed! HTTP/1.1 501 Not Implemented
	C:\webserver\lizmap\prod\release_3_3\lizmap\modules\lizmap\classes\lizmapProxy.class.php	236

2020-05-10 17:07:56	::1	notice	2020-05-10 17:07:56	[8]	A non well formed numeric value encountered	C:\webserver\lizmap\prod\release_3_3\lizmap\modules\proj4php\classes\proj4phpProj.php	522

2020-05-10 17:07:56	::1	notice	2020-05-10 17:07:56	[8]	A non well formed numeric value encountered	C:\webserver\lizmap\prod\release_3_3\lizmap\modules\proj4php\classes\proj4phpProj.php	530

2020-05-10 17:17:29	::1	warning	2020-05-10 17:17:29	[2]	SQLite3::query(): Unable to prepare statement: 1, no such table: lizmap_search	C:\webserver\lizmap\prod\release_3_3\lib\jelix\plugins\db\sqlite3\sqlite3.dbconnection.php	112

2020-05-10 17:17:29	::1	warning	2020-05-10 17:17:29	[2]	file_get_contents(http://localhost:1664/qgis/qgis_mapserv.fcgi.exe?service=WMS&amp;request=GetCapabilitiesAtlas&amp;map=C%3A%5Cwebserver%5Cdata%5Cprod%5Crep1%2Fproject%2Eqgs): failed to open stream: HTTP request failed! HTTP/1.1 501 Not Implemented
	C:\webserver\lizmap\prod\release_3_3\lizmap\modules\lizmap\classes\lizmapProxy.class.php	236

2020-05-10 18:25:30	::1	warning	2020-05-10 18:25:30	[2]	SQLite3::query(): Unable to prepare statement: 1, no such table: lizmap_search	C:\webserver\lizmap\prod\release_3_3\lib\jelix\plugins\db\sqlite3\sqlite3.dbconnection.php	112

2020-05-10 18:25:34	::1	warning	2020-05-10 18:25:34	[2]	file_get_contents(http://localhost:1664/qgis/qgis_mapserv.fcgi.exe?service=WMS&amp;request=GetCapabilitiesAtlas&amp;map=C%3A%5Cwebserver%5Cdata%5Cprod%5Crep1%2Fproject%2Eqgs): failed to open stream: HTTP request failed! HTTP/1.1 501 Not Implemented
	C:\webserver\lizmap\prod\release_3_3\lizmap\modules\lizmap\classes\lizmapProxy.class.php	236

2020-05-10 18:25:35	::1	notice	2020-05-10 18:25:35	[8]	A non well formed numeric value encountered	C:\webserver\lizmap\prod\release_3_3\lizmap\modules\proj4php\classes\proj4phpProj.php	522

2020-05-10 18:25:35	::1	notice	2020-05-10 18:25:35	[8]	A non well formed numeric value encountered	C:\webserver\lizmap\prod\release_3_3\lizmap\modules\proj4php\classes\proj4phpProj.php	530

2020-05-10 18:30:00	::1	warning	2020-05-10 18:30:00	[2]	SQLite3::query(): Unable to prepare statement: 1, no such table: lizmap_search	C:\webserver\lizmap\prod\release_3_3\lib\jelix\plugins\db\sqlite3\sqlite3.dbconnection.php	112

2020-05-10 18:30:01	::1	warning	2020-05-10 18:30:01	[2]	file_get_contents(http://localhost:1664/qgis/qgis_mapserv.fcgi.exe?service=WMS&amp;request=GetCapabilitiesAtlas&amp;map=C%3A%5Cwebserver%5Cdata%5Cprod%5Crep1%2Fproject%2Eqgs): failed to open stream: HTTP request failed! HTTP/1.1 501 Not Implemented
	C:\webserver\lizmap\prod\release_3_3\lizmap\modules\lizmap\classes\lizmapProxy.class.php	236

2020-05-10 18:30:01	::1	notice	2020-05-10 18:30:01	[8]	A non well formed numeric value encountered	C:\webserver\lizmap\prod\release_3_3\lizmap\modules\proj4php\classes\proj4phpProj.php	522

2020-05-10 18:30:01	::1	notice	2020-05-10 18:30:01	[8]	A non well formed numeric value encountered	C:\webserver\lizmap\prod\release_3_3\lizmap\modules\proj4php\classes\proj4phpProj.php	530

2020-05-10 18:32:09	::1	warning	2020-05-10 18:32:09	[2]	SQLite3::query(): Unable to prepare statement: 1, no such table: lizmap_search	C:\webserver\lizmap\prod\release_3_3\lib\jelix\plugins\db\sqlite3\sqlite3.dbconnection.php	112

2020-05-10 18:32:09	::1	warning	2020-05-10 18:32:09	[2]	file_get_contents(http://localhost:1664/qgis/qgis_mapserv.fcgi.exe?service=WMS&amp;request=GetCapabilitiesAtlas&amp;map=C%3A%5Cwebserver%5Cdata%5Cprod%5Crep1%2Fproject%2Eqgs): failed to open stream: HTTP request failed! HTTP/1.1 501 Not Implemented
	C:\webserver\lizmap\prod\release_3_3\lizmap\modules\lizmap\classes\lizmapProxy.class.php	236

2020-05-10 18:32:09	::1	notice	2020-05-10 18:32:09	[8]	A non well formed numeric value encountered	C:\webserver\lizmap\prod\release_3_3\lizmap\modules\proj4php\classes\proj4phpProj.php	522

2020-05-10 18:32:09	::1	notice	2020-05-10 18:32:09	[8]	A non well formed numeric value encountered	C:\webserver\lizmap\prod\release_3_3\lizmap\modules\proj4php\classes\proj4phpProj.php	530

2020-05-10 18:36:46	::1	warning	2020-05-10 18:36:46	[2]	SQLite3::query(): Unable to prepare statement: 1, no such table: lizmap_search	C:\webserver\lizmap\prod\release_3_3\lib\jelix\plugins\db\sqlite3\sqlite3.dbconnection.php	112

2020-05-10 18:36:47	::1	warning	2020-05-10 18:36:47	[2]	file_get_contents(http://localhost:1664/qgis/qgis_mapserv.fcgi.exe?service=WMS&amp;request=GetCapabilitiesAtlas&amp;map=C%3A%5Cwebserver%5Cdata%5Cprod%5Crep1%2Fproject%2Eqgs): failed to open stream: HTTP request failed! HTTP/1.1 501 Not Implemented
	C:\webserver\lizmap\prod\release_3_3\lizmap\modules\lizmap\classes\lizmapProxy.class.php	236

2020-05-10 18:36:47	::1	notice	2020-05-10 18:36:47	[8]	A non well formed numeric value encountered	C:\webserver\lizmap\prod\release_3_3\lizmap\modules\proj4php\classes\proj4phpProj.php	522

2020-05-10 18:36:47	::1	notice	2020-05-10 18:36:47	[8]	A non well formed numeric value encountered	C:\webserver\lizmap\prod\release_3_3\lizmap\modules\proj4php\classes\proj4phpProj.php	530

2020-05-12 04:01:52	::1	warning	2020-05-12 04:01:52	[2]	SQLite3::query(): Unable to prepare statement: 1, no such table: lizmap_search	C:\webserver\lizmap\prod\release_3_3\lib\jelix\plugins\db\sqlite3\sqlite3.dbconnection.php	112

2020-05-12 04:02:12	::1	warning	2020-05-12 04:02:12	[2]	file_get_contents(http://localhost:1664/qgis/qgis_mapserv.fcgi.exe?service=WMS&amp;request=GetCapabilitiesAtlas&amp;map=C%3A%5Cwebserver%5Cdata%5Cprod%5Crep1%2Fproject%2Eqgs): failed to open stream: HTTP request failed! HTTP/1.1 501 Not Implemented
	C:\webserver\lizmap\prod\release_3_3\lizmap\modules\lizmap\classes\lizmapProxy.class.php	236

2020-05-12 04:02:12	::1	notice	2020-05-12 04:02:12	[8]	A non well formed numeric value encountered	C:\webserver\lizmap\prod\release_3_3\lizmap\modules\proj4php\classes\proj4phpProj.php	522

2020-05-12 04:02:12	::1	notice	2020-05-12 04:02:12	[8]	A non well formed numeric value encountered	C:\webserver\lizmap\prod\release_3_3\lizmap\modules\proj4php\classes\proj4phpProj.php	530

2020-05-12 06:38:54	::1	warning	2020-05-12 06:38:54	[2]	SQLite3::query(): Unable to prepare statement: 1, no such table: lizmap_search	C:\webserver\lizmap\prod\release_3_3\lib\jelix\plugins\db\sqlite3\sqlite3.dbconnection.php	112

2020-05-12 06:39:01	::1	warning	2020-05-12 06:39:01	[2]	file_get_contents(http://localhost:1664/qgis/qgis_mapserv.fcgi.exe?service=WMS&amp;request=GetCapabilitiesAtlas&amp;map=C%3A%5Cwebserver%5Cdata%5Cprod%5Crep1%2Fproject%2Eqgs): failed to open stream: HTTP request failed! HTTP/1.1 501 Not Implemented
	C:\webserver\lizmap\prod\release_3_3\lizmap\modules\lizmap\classes\lizmapProxy.class.php	236

2020-05-12 06:39:02	::1	notice	2020-05-12 06:39:02	[8]	A non well formed numeric value encountered	C:\webserver\lizmap\prod\release_3_3\lizmap\modules\proj4php\classes\proj4phpProj.php	522

2020-05-12 06:39:02	::1	notice	2020-05-12 06:39:02	[8]	A non well formed numeric value encountered	C:\webserver\lizmap\prod\release_3_3\lizmap\modules\proj4php\classes\proj4phpProj.php	530

2020-05-12 06:39:03	::1	warning	2020-05-12 06:39:03	[2]	file_get_contents(http://localhost:1664/qgis/qgis_mapserv.fcgi.exe): failed to open stream: HTTP request failed! HTTP/1.1 400 Bad Request
	C:\webserver\lizmap\prod\release_3_3\lizmap\modules\lizmap\classes\lizmapProxy.class.php	236

2020-05-12 06:39:03	::1	warning	2020-05-12 06:39:03	[2]	file_get_contents(http://localhost:1664/qgis/qgis_mapserv.fcgi.exe): failed to open stream: HTTP request failed! HTTP/1.1 400 Bad Request
	C:\webserver\lizmap\prod\release_3_3\lizmap\modules\lizmap\classes\lizmapProxy.class.php	236

2020-05-12 06:39:41	::1	warning	2020-05-12 06:39:41	[2]	SQLite3::query(): Unable to prepare statement: 1, no such table: lizmap_search	C:\webserver\lizmap\prod\release_3_3\lib\jelix\plugins\db\sqlite3\sqlite3.dbconnection.php	112

2020-05-12 06:39:41	::1	warning	2020-05-12 06:39:41	[2]	file_get_contents(http://localhost:1664/qgis/qgis_mapserv.fcgi.exe?service=WMS&amp;request=GetCapabilitiesAtlas&amp;map=C%3A%5Cwebserver%5Cdata%5Cprod%5Crep1%2Fproject%2Eqgs): failed to open stream: HTTP request failed! HTTP/1.1 501 Not Implemented
	C:\webserver\lizmap\prod\release_3_3\lizmap\modules\lizmap\classes\lizmapProxy.class.php	236

2020-05-12 06:39:42	::1	warning	2020-05-12 06:39:42	[2]	file_get_contents(http://localhost:1664/qgis/qgis_mapserv.fcgi.exe): failed to open stream: HTTP request failed! HTTP/1.1 400 Bad Request
	C:\webserver\lizmap\prod\release_3_3\lizmap\modules\lizmap\classes\lizmapProxy.class.php	236

2020-05-12 06:39:42	::1	warning	2020-05-12 06:39:42	[2]	file_get_contents(http://localhost:1664/qgis/qgis_mapserv.fcgi.exe): failed to open stream: HTTP request failed! HTTP/1.1 400 Bad Request
	C:\webserver\lizmap\prod\release_3_3\lizmap\modules\lizmap\classes\lizmapProxy.class.php	236

2020-05-12 06:41:21	::1	warning	2020-05-12 06:41:21	[2]	SQLite3::query(): Unable to prepare statement: 1, no such table: lizmap_search	C:\webserver\lizmap\prod\release_3_3\lib\jelix\plugins\db\sqlite3\sqlite3.dbconnection.php	112

2020-05-12 06:41:21	::1	warning	2020-05-12 06:41:21	[2]	file_get_contents(http://localhost:1664/qgis/qgis_mapserv.fcgi.exe?service=WMS&amp;request=GetCapabilitiesAtlas&amp;map=C%3A%5Cwebserver%5Cdata%5Cprod%5Crep1%2Fproject%2Eqgs): failed to open stream: HTTP request failed! HTTP/1.1 501 Not Implemented
	C:\webserver\lizmap\prod\release_3_3\lizmap\modules\lizmap\classes\lizmapProxy.class.php	236

2020-05-12 06:41:21	::1	warning	2020-05-12 06:41:21	[2]	file_get_contents(http://localhost:1664/qgis/qgis_mapserv.fcgi.exe): failed to open stream: HTTP request failed! HTTP/1.1 400 Bad Request
	C:\webserver\lizmap\prod\release_3_3\lizmap\modules\lizmap\classes\lizmapProxy.class.php	236

2020-05-12 06:41:21	::1	warning	2020-05-12 06:41:21	[2]	file_get_contents(http://localhost:1664/qgis/qgis_mapserv.fcgi.exe): failed to open stream: HTTP request failed! HTTP/1.1 400 Bad Request
	C:\webserver\lizmap\prod\release_3_3\lizmap\modules\lizmap\classes\lizmapProxy.class.php	236

2020-05-12 06:42:32	::1	warning	2020-05-12 06:42:32	[2]	SQLite3::query(): Unable to prepare statement: 1, no such table: lizmap_search	C:\webserver\lizmap\prod\release_3_3\lib\jelix\plugins\db\sqlite3\sqlite3.dbconnection.php	112

2020-05-12 06:42:32	::1	warning	2020-05-12 06:42:32	[2]	file_get_contents(http://localhost:1664/qgis/qgis_mapserv.fcgi.exe?service=WMS&amp;request=GetCapabilitiesAtlas&amp;map=C%3A%5Cwebserver%5Cdata%5Cprod%5Crep1%2Fproject%2Eqgs): failed to open stream: HTTP request failed! HTTP/1.1 501 Not Implemented
	C:\webserver\lizmap\prod\release_3_3\lizmap\modules\lizmap\classes\lizmapProxy.class.php	236

2020-05-12 06:42:32	::1	warning	2020-05-12 06:42:32	[2]	file_get_contents(http://localhost:1664/qgis/qgis_mapserv.fcgi.exe): failed to open stream: HTTP request failed! HTTP/1.1 400 Bad Request
	C:\webserver\lizmap\prod\release_3_3\lizmap\modules\lizmap\classes\lizmapProxy.class.php	236

2020-05-12 06:42:32	::1	warning	2020-05-12 06:42:32	[2]	file_get_contents(http://localhost:1664/qgis/qgis_mapserv.fcgi.exe): failed to open stream: HTTP request failed! HTTP/1.1 400 Bad Request
	C:\webserver\lizmap\prod\release_3_3\lizmap\modules\lizmap\classes\lizmapProxy.class.php	236

2020-05-12 06:47:19	::1	warning	2020-05-12 06:47:19	[2]	SQLite3::query(): Unable to prepare statement: 1, no such table: lizmap_search	C:\webserver\lizmap\prod\release_3_3\lib\jelix\plugins\db\sqlite3\sqlite3.dbconnection.php	112

2020-05-12 06:47:21	::1	warning	2020-05-12 06:47:21	[2]	file_get_contents(http://localhost:1664/qgis/qgis_mapserv.fcgi.exe?service=WMS&amp;request=GetCapabilitiesAtlas&amp;map=C%3A%5Cwebserver%5Cdata%5Cprod%5Crep1%2Fproject%2Eqgs): failed to open stream: HTTP request failed! HTTP/1.1 501 Not Implemented
	C:\webserver\lizmap\prod\release_3_3\lizmap\modules\lizmap\classes\lizmapProxy.class.php	236

2020-05-12 06:47:22	::1	notice	2020-05-12 06:47:22	[8]	A non well formed numeric value encountered	C:\webserver\lizmap\prod\release_3_3\lizmap\modules\proj4php\classes\proj4phpProj.php	522

2020-05-12 06:47:22	::1	notice	2020-05-12 06:47:22	[8]	A non well formed numeric value encountered	C:\webserver\lizmap\prod\release_3_3\lizmap\modules\proj4php\classes\proj4phpProj.php	530

2020-05-12 06:52:57	::1	warning	2020-05-12 06:52:57	[2]	SQLite3::query(): Unable to prepare statement: 1, no such table: lizmap_search	C:\webserver\lizmap\prod\release_3_3\lib\jelix\plugins\db\sqlite3\sqlite3.dbconnection.php	112

2020-05-12 06:52:57	::1	warning	2020-05-12 06:52:57	[2]	file_get_contents(http://localhost:1664/qgis/qgis_mapserv.fcgi.exe?service=WMS&amp;request=GetCapabilitiesAtlas&amp;map=C%3A%5Cwebserver%5Cdata%5Cprod%5Crep1%2Fproject%2Eqgs): failed to open stream: HTTP request failed! HTTP/1.1 501 Not Implemented
	C:\webserver\lizmap\prod\release_3_3\lizmap\modules\lizmap\classes\lizmapProxy.class.php	236

2020-05-12 06:52:58	::1	notice	2020-05-12 06:52:58	[8]	A non well formed numeric value encountered	C:\webserver\lizmap\prod\release_3_3\lizmap\modules\proj4php\classes\proj4phpProj.php	522

2020-05-12 06:52:58	::1	notice	2020-05-12 06:52:58	[8]	A non well formed numeric value encountered	C:\webserver\lizmap\prod\release_3_3\lizmap\modules\proj4php\classes\proj4phpProj.php	530

2020-05-12 06:54:35	::1	warning	2020-05-12 06:54:35	[2]	SQLite3::query(): Unable to prepare statement: 1, no such table: lizmap_search	C:\webserver\lizmap\prod\release_3_3\lib\jelix\plugins\db\sqlite3\sqlite3.dbconnection.php	112

2020-05-12 06:54:37	::1	warning	2020-05-12 06:54:37	[2]	file_get_contents(http://localhost:1664/qgis/qgis_mapserv.fcgi.exe?service=WMS&amp;request=GetCapabilitiesAtlas&amp;map=C%3A%5Cwebserver%5Cdata%5Cprod%5Crep1%2Fproject%2Eqgs): failed to open stream: HTTP request failed! HTTP/1.1 501 Not Implemented
	C:\webserver\lizmap\prod\release_3_3\lizmap\modules\lizmap\classes\lizmapProxy.class.php	236

2020-05-12 06:54:38	::1	notice	2020-05-12 06:54:38	[8]	A non well formed numeric value encountered	C:\webserver\lizmap\prod\release_3_3\lizmap\modules\proj4php\classes\proj4phpProj.php	522

2020-05-12 06:54:38	::1	notice	2020-05-12 06:54:38	[8]	A non well formed numeric value encountered	C:\webserver\lizmap\prod\release_3_3\lizmap\modules\proj4php\classes\proj4phpProj.php	530

2020-05-12 07:02:56	::1	warning	2020-05-12 07:02:56	[2]	SQLite3::query(): Unable to prepare statement: 1, no such table: lizmap_search	C:\webserver\lizmap\prod\release_3_3\lib\jelix\plugins\db\sqlite3\sqlite3.dbconnection.php	112

2020-05-12 07:02:57	::1	warning	2020-05-12 07:02:57	[2]	file_get_contents(http://localhost:1664/qgis/qgis_mapserv.fcgi.exe?service=WMS&amp;request=GetCapabilitiesAtlas&amp;map=C%3A%5Cwebserver%5Cdata%5Cprod%5Crep1%2Fproject%2Eqgs): failed to open stream: HTTP request failed! HTTP/1.1 501 Not Implemented
	C:\webserver\lizmap\prod\release_3_3\lizmap\modules\lizmap\classes\lizmapProxy.class.php	236

2020-05-12 07:02:57	::1	notice	2020-05-12 07:02:57	[8]	A non well formed numeric value encountered	C:\webserver\lizmap\prod\release_3_3\lizmap\modules\proj4php\classes\proj4phpProj.php	522

2020-05-12 07:02:57	::1	notice	2020-05-12 07:02:57	[8]	A non well formed numeric value encountered	C:\webserver\lizmap\prod\release_3_3\lizmap\modules\proj4php\classes\proj4phpProj.php	530

2020-05-12 07:25:56	::1	warning	2020-05-12 07:25:56	[2]	SQLite3::query(): Unable to prepare statement: 1, no such table: lizmap_search	C:\webserver\lizmap\prod\release_3_3\lib\jelix\plugins\db\sqlite3\sqlite3.dbconnection.php	112

2020-05-12 07:25:56	::1	warning	2020-05-12 07:25:56	[2]	file_get_contents(http://localhost:1664/qgis/qgis_mapserv.fcgi.exe?service=WMS&amp;request=GetCapabilitiesAtlas&amp;map=C%3A%5Cwebserver%5Cdata%5Cprod%5Crep1%2Fproject%2Eqgs): failed to open stream: HTTP request failed! HTTP/1.1 501 Not Implemented
	C:\webserver\lizmap\prod\release_3_3\lizmap\modules\lizmap\classes\lizmapProxy.class.php	236

2020-05-12 07:25:56	::1	notice	2020-05-12 07:25:56	[8]	A non well formed numeric value encountered	C:\webserver\lizmap\prod\release_3_3\lizmap\modules\proj4php\classes\proj4phpProj.php	522

2020-05-12 07:25:56	::1	notice	2020-05-12 07:25:56	[8]	A non well formed numeric value encountered	C:\webserver\lizmap\prod\release_3_3\lizmap\modules\proj4php\classes\proj4phpProj.php	530

2020-05-12 07:31:38	::1	warning	2020-05-12 07:31:38	[2]	SQLite3::query(): Unable to prepare statement: 1, no such table: lizmap_search	C:\webserver\lizmap\prod\release_3_3\lib\jelix\plugins\db\sqlite3\sqlite3.dbconnection.php	112

2020-05-12 07:31:38	::1	warning	2020-05-12 07:31:38	[2]	file_get_contents(http://localhost:1664/qgis/qgis_mapserv.fcgi.exe?service=WMS&amp;request=GetCapabilitiesAtlas&amp;map=C%3A%5Cwebserver%5Cdata%5Cprod%5Crep1%2Fproject%2Eqgs): failed to open stream: HTTP request failed! HTTP/1.1 501 Not Implemented
	C:\webserver\lizmap\prod\release_3_3\lizmap\modules\lizmap\classes\lizmapProxy.class.php	236

2020-05-12 07:31:38	::1	notice	2020-05-12 07:31:38	[8]	A non well formed numeric value encountered	C:\webserver\lizmap\prod\release_3_3\lizmap\modules\proj4php\classes\proj4phpProj.php	522

2020-05-12 07:31:38	::1	notice	2020-05-12 07:31:38	[8]	A non well formed numeric value encountered	C:\webserver\lizmap\prod\release_3_3\lizmap\modules\proj4php\classes\proj4phpProj.php	530

2020-05-12 18:02:33	::1	warning	2020-05-12 18:02:33	[2]	SQLite3::query(): Unable to prepare statement: 1, no such table: lizmap_search	C:\webserver\lizmap\prod\release_3_3\lib\jelix\plugins\db\sqlite3\sqlite3.dbconnection.php	112

2020-05-12 18:02:37	::1	warning	2020-05-12 18:02:37	[2]	file_get_contents(http://localhost:1664/qgis/qgis_mapserv.fcgi.exe?service=WMS&amp;request=GetCapabilitiesAtlas&amp;map=C%3A%5Cwebserver%5Cdata%5Cprod%5Crep1%2Fproject%2Eqgs): failed to open stream: HTTP request failed! HTTP/1.1 501 Not Implemented
	C:\webserver\lizmap\prod\release_3_3\lizmap\modules\lizmap\classes\lizmapProxy.class.php	236

2020-05-12 18:02:38	::1	notice	2020-05-12 18:02:38	[8]	A non well formed numeric value encountered	C:\webserver\lizmap\prod\release_3_3\lizmap\modules\proj4php\classes\proj4phpProj.php	522

2020-05-12 18:02:38	::1	notice	2020-05-12 18:02:38	[8]	A non well formed numeric value encountered	C:\webserver\lizmap\prod\release_3_3\lizmap\modules\proj4php\classes\proj4phpProj.php	530

